Flow report for 64LabOne
Mon Nov 25 17:54:04 2013
Quartus II 64-Bit Version 13.1.0 Build 162 10/23/2013 SJ Web Edition


---------------------
; Table of Contents ;
---------------------
  1. Legal Notice
  2. Flow Summary
  3. Flow Settings
  4. Flow Non-Default Global Settings
  5. Flow Elapsed Time
  6. Flow OS Summary
  7. Flow Log
  8. Flow Messages
  9. Flow Suppressed Messages



----------------
; Legal Notice ;
----------------
Copyright (C) 1991-2013 Altera Corporation
Your use of Altera Corporation's design tools, logic functions 
and other software and tools, and its AMPP partner logic 
functions, and any output files from any of the foregoing 
(including device programming or simulation files), and any 
associated documentation or information are expressly subject 
to the terms and conditions of the Altera Program License 
Subscription Agreement, Altera MegaCore Function License 
Agreement, or other applicable license agreement, including, 
without limitation, that your use is for the sole purpose of 
programming logic devices manufactured by Altera and sold by 
Altera or its authorized distributors.  Please refer to the 
applicable agreement for further details.



+---------------------------------------------------------------------------------+
; Flow Summary                                                                    ;
+------------------------------------+--------------------------------------------+
; Flow Status                        ; Successful - Mon Nov 25 17:54:00 2013      ;
; Quartus II 64-Bit Version          ; 13.1.0 Build 162 10/23/2013 SJ Web Edition ;
; Revision Name                      ; 64LabOne                                   ;
; Top-level Entity Name              ; 64LabOne                                   ;
; Family                             ; Cyclone IV E                               ;
; Device                             ; EP4CE22F17C6                               ;
; Timing Models                      ; Final                                      ;
; Total logic elements               ; 3 / 22,320 ( < 1 % )                       ;
;     Total combinational functions  ; 3 / 22,320 ( < 1 % )                       ;
;     Dedicated logic registers      ; 0 / 22,320 ( 0 % )                         ;
; Total registers                    ; 0                                          ;
; Total pins                         ; 7 / 154 ( 5 % )                            ;
; Total virtual pins                 ; 0                                          ;
; Total memory bits                  ; 0 / 608,256 ( 0 % )                        ;
; Embedded Multiplier 9-bit elements ; 0 / 132 ( 0 % )                            ;
; Total PLLs                         ; 0 / 4 ( 0 % )                              ;
+------------------------------------+--------------------------------------------+


+-----------------------------------------+
; Flow Settings                           ;
+-------------------+---------------------+
; Option            ; Setting             ;
+-------------------+---------------------+
; Start date & time ; 11/23/2013 16:20:11 ;
; Main task         ; Compilation         ;
; Revision Name     ; 64LabOne            ;
+-------------------+---------------------+


+---------------------------------------------------------------------------------------------------------------+
; Flow Non-Default Global Settings                                                                              ;
+-------------------------------------+------------------------------+---------------+-------------+------------+
; Assignment Name                     ; Value                        ; Default Value ; Entity Name ; Section Id ;
+-------------------------------------+------------------------------+---------------+-------------+------------+
; COMPILER_SIGNATURE_ID               ; 121371878115.138525241102252 ; --            ; --          ; --         ;
; PARTITION_COLOR                     ; 16764057                     ; --            ; --          ; Top        ;
; PARTITION_FITTER_PRESERVATION_LEVEL ; PLACEMENT_AND_ROUTING        ; --            ; --          ; Top        ;
; PARTITION_NETLIST_TYPE              ; SOURCE                       ; --            ; --          ; Top        ;
; PROJECT_OUTPUT_DIRECTORY            ; output_files                 ; --            ; --          ; --         ;
; SMART_RECOMPILE                     ; On                           ; Off           ; --          ; --         ;
+-------------------------------------+------------------------------+---------------+-------------+------------+


+-------------------------------------------------------------------------------------------------------------------------------+
; Flow Elapsed Time                                                                                                             ;
+---------------------------+--------------+-------------------------+---------------------+------------------------------------+
; Module Name               ; Elapsed Time ; Average Processors Used ; Peak Virtual Memory ; Total CPU Time (on all processors) ;
+---------------------------+--------------+-------------------------+---------------------+------------------------------------+
; Analysis & Synthesis      ; 00:00:02     ; 1.0                     ; 521 MB              ; 00:00:02                           ;
; Fitter                    ; 00:00:06     ; 1.0                     ; 1493 MB             ; 00:00:08                           ;
; Assembler                 ; 00:00:02     ; 1.0                     ; 458 MB              ; 00:00:02                           ;
; TimeQuest Timing Analyzer ; 00:00:02     ; 1.0                     ; 602 MB              ; 00:00:02                           ;
; Fitter                    ; 00:00:07     ; 1.0                     ; 1495 MB             ; 00:00:09                           ;
; Assembler                 ; 00:00:02     ; 1.0                     ; 458 MB              ; 00:00:02                           ;
; TimeQuest Timing Analyzer ; 00:00:02     ; 1.0                     ; 586 MB              ; 00:00:02                           ;
; Total                     ; 00:00:23     ; --                      ; --                  ; 00:00:27                           ;
+---------------------------+--------------+-------------------------+---------------------+------------------------------------+


+----------------------------------------------------------------------------------------+
; Flow OS Summary                                                                        ;
+---------------------------+------------------+-----------+------------+----------------+
; Module Name               ; Machine Hostname ; OS Name   ; OS Version ; Processor type ;
+---------------------------+------------------+-----------+------------+----------------+
; Analysis & Synthesis      ; BENSMITH1F81     ; Windows 7 ; 6.1        ; x86_64         ;
; Fitter                    ; BENSMITH1F81     ; Windows 7 ; 6.1        ; x86_64         ;
; Assembler                 ; BENSMITH1F81     ; Windows 7 ; 6.1        ; x86_64         ;
; TimeQuest Timing Analyzer ; BENSMITH1F81     ; Windows 7 ; 6.1        ; x86_64         ;
; Fitter                    ; BENSMITH1F81     ; Windows 7 ; 6.1        ; x86_64         ;
; Assembler                 ; BENSMITH1F81     ; Windows 7 ; 6.1        ; x86_64         ;
; TimeQuest Timing Analyzer ; BENSMITH1F81     ; Windows 7 ; 6.1        ; x86_64         ;
+---------------------------+------------------+-----------+------------+----------------+


------------
; Flow Log ;
------------
quartus_map --read_settings_files=on --write_settings_files=off 64LabOne -c 64LabOne
quartus_fit --read_settings_files=off --write_settings_files=off 64LabOne -c 64LabOne
quartus_asm --read_settings_files=off --write_settings_files=off 64LabOne -c 64LabOne
quartus_sta 64LabOne -c 64LabOne
quartus_fit --read_settings_files=on --write_settings_files=off 64LabOne -c 64LabOne
quartus_asm --read_settings_files=off --write_settings_files=off 64LabOne -c 64LabOne
quartus_sta 64LabOne -c 64LabOne



